\BOOKMARK [0][-]{chapter.1}{\376\377\0001\000\040\000R\000E\000A\000D\000M\000E}{}% 1
\BOOKMARK [0][-]{chapter.2}{\376\377\0002\000\040\000M\000o\000d\000u\000l\000e\000\040\000I\000n\000d\000e\000x}{}% 2
\BOOKMARK [1][-]{section.2.1}{\376\377\0002\000.\0001\000\040\000M\000o\000d\000u\000l\000e\000s}{chapter.2}% 3
\BOOKMARK [0][-]{chapter.3}{\376\377\0003\000\040\000H\000i\000e\000r\000a\000r\000c\000h\000i\000c\000a\000l\000\040\000I\000n\000d\000e\000x}{}% 4
\BOOKMARK [1][-]{section.3.1}{\376\377\0003\000.\0001\000\040\000C\000l\000a\000s\000s\000\040\000H\000i\000e\000r\000a\000r\000c\000h\000y}{chapter.3}% 5
\BOOKMARK [0][-]{chapter.4}{\376\377\0004\000\040\000C\000l\000a\000s\000s\000\040\000I\000n\000d\000e\000x}{}% 6
\BOOKMARK [1][-]{section.4.1}{\376\377\0004\000.\0001\000\040\000C\000l\000a\000s\000s\000\040\000L\000i\000s\000t}{chapter.4}% 7
\BOOKMARK [0][-]{chapter.5}{\376\377\0005\000\040\000F\000i\000l\000e\000\040\000I\000n\000d\000e\000x}{}% 8
\BOOKMARK [1][-]{section.5.1}{\376\377\0005\000.\0001\000\040\000F\000i\000l\000e\000\040\000L\000i\000s\000t}{chapter.5}% 9
\BOOKMARK [0][-]{chapter.6}{\376\377\0006\000\040\000M\000o\000d\000u\000l\000e\000\040\000D\000o\000c\000u\000m\000e\000n\000t\000a\000t\000i\000o\000n}{}% 10
\BOOKMARK [1][-]{section.6.1}{\376\377\0006\000.\0001\000\040\000<\000m\000a\000t\000h\000.\000h\000>\000:\000\040\000M\000a\000t\000h\000e\000m\000a\000t\000i\000c\000s}{chapter.6}% 11
\BOOKMARK [2][-]{subsection.6.1.1}{\376\377\0006\000.\0001\000.\0001\000\040\000D\000e\000t\000a\000i\000l\000e\000d\000\040\000D\000e\000s\000c\000r\000i\000p\000t\000i\000o\000n}{section.6.1}% 12
\BOOKMARK [2][-]{subsection.6.1.2}{\376\377\0006\000.\0001\000.\0002\000\040\000M\000a\000c\000r\000o\000\040\000D\000e\000f\000i\000n\000i\000t\000i\000o\000n\000\040\000D\000o\000c\000u\000m\000e\000n\000t\000a\000t\000i\000o\000n}{section.6.1}% 13
\BOOKMARK [3][-]{subsubsection.6.1.2.1}{\376\377\0006\000.\0001\000.\0002\000.\0001\000\040\000\137\000\137\000A\000T\000T\000R\000\137\000C\000O\000N\000S\000T\000\137\000\137}{subsection.6.1.2}% 14
\BOOKMARK [3][-]{subsubsection.6.1.2.2}{\376\377\0006\000.\0001\000.\0002\000.\0002\000\040\000a\000c\000o\000s\000f}{subsection.6.1.2}% 15
\BOOKMARK [3][-]{subsubsection.6.1.2.3}{\376\377\0006\000.\0001\000.\0002\000.\0003\000\040\000a\000s\000i\000n\000f}{subsection.6.1.2}% 16
\BOOKMARK [3][-]{subsubsection.6.1.2.4}{\376\377\0006\000.\0001\000.\0002\000.\0004\000\040\000a\000t\000a\000n\0002\000f}{subsection.6.1.2}% 17
\BOOKMARK [3][-]{subsubsection.6.1.2.5}{\376\377\0006\000.\0001\000.\0002\000.\0005\000\040\000a\000t\000a\000n\000f}{subsection.6.1.2}% 18
\BOOKMARK [3][-]{subsubsection.6.1.2.6}{\376\377\0006\000.\0001\000.\0002\000.\0006\000\040\000c\000b\000r\000t\000f}{subsection.6.1.2}% 19
\BOOKMARK [3][-]{subsubsection.6.1.2.7}{\376\377\0006\000.\0001\000.\0002\000.\0007\000\040\000c\000e\000i\000l\000f}{subsection.6.1.2}% 20
\BOOKMARK [3][-]{subsubsection.6.1.2.8}{\376\377\0006\000.\0001\000.\0002\000.\0008\000\040\000c\000o\000p\000y\000s\000i\000g\000n\000f}{subsection.6.1.2}% 21
\BOOKMARK [3][-]{subsubsection.6.1.2.9}{\376\377\0006\000.\0001\000.\0002\000.\0009\000\040\000c\000o\000s\000f}{subsection.6.1.2}% 22
\BOOKMARK [3][-]{subsubsection.6.1.2.10}{\376\377\0006\000.\0001\000.\0002\000.\0001\0000\000\040\000c\000o\000s\000h\000f}{subsection.6.1.2}% 23
\BOOKMARK [3][-]{subsubsection.6.1.2.11}{\376\377\0006\000.\0001\000.\0002\000.\0001\0001\000\040\000e\000x\000p\000f}{subsection.6.1.2}% 24
\BOOKMARK [3][-]{subsubsection.6.1.2.12}{\376\377\0006\000.\0001\000.\0002\000.\0001\0002\000\040\000f\000a\000b\000s\000f}{subsection.6.1.2}% 25
\BOOKMARK [3][-]{subsubsection.6.1.2.13}{\376\377\0006\000.\0001\000.\0002\000.\0001\0003\000\040\000f\000d\000i\000m\000f}{subsection.6.1.2}% 26
\BOOKMARK [3][-]{subsubsection.6.1.2.14}{\376\377\0006\000.\0001\000.\0002\000.\0001\0004\000\040\000f\000l\000o\000o\000r\000f}{subsection.6.1.2}% 27
\BOOKMARK [3][-]{subsubsection.6.1.2.15}{\376\377\0006\000.\0001\000.\0002\000.\0001\0005\000\040\000f\000m\000a\000f}{subsection.6.1.2}% 28
\BOOKMARK [3][-]{subsubsection.6.1.2.16}{\376\377\0006\000.\0001\000.\0002\000.\0001\0006\000\040\000f\000m\000a\000x\000f}{subsection.6.1.2}% 29
\BOOKMARK [3][-]{subsubsection.6.1.2.17}{\376\377\0006\000.\0001\000.\0002\000.\0001\0007\000\040\000f\000m\000i\000n\000f}{subsection.6.1.2}% 30
\BOOKMARK [3][-]{subsubsection.6.1.2.18}{\376\377\0006\000.\0001\000.\0002\000.\0001\0008\000\040\000f\000m\000o\000d\000f}{subsection.6.1.2}% 31
\BOOKMARK [3][-]{subsubsection.6.1.2.19}{\376\377\0006\000.\0001\000.\0002\000.\0001\0009\000\040\000f\000r\000e\000x\000p\000f}{subsection.6.1.2}% 32
\BOOKMARK [3][-]{subsubsection.6.1.2.20}{\376\377\0006\000.\0001\000.\0002\000.\0002\0000\000\040\000h\000y\000p\000o\000t\000f}{subsection.6.1.2}% 33
\BOOKMARK [3][-]{subsubsection.6.1.2.21}{\376\377\0006\000.\0001\000.\0002\000.\0002\0001\000\040\000I\000N\000F\000I\000N\000I\000T\000Y}{subsection.6.1.2}% 34
\BOOKMARK [3][-]{subsubsection.6.1.2.22}{\376\377\0006\000.\0001\000.\0002\000.\0002\0002\000\040\000i\000s\000f\000i\000n\000i\000t\000e\000f}{subsection.6.1.2}% 35
\BOOKMARK [3][-]{subsubsection.6.1.2.23}{\376\377\0006\000.\0001\000.\0002\000.\0002\0003\000\040\000i\000s\000i\000n\000f\000f}{subsection.6.1.2}% 36
\BOOKMARK [3][-]{subsubsection.6.1.2.24}{\376\377\0006\000.\0001\000.\0002\000.\0002\0004\000\040\000i\000s\000n\000a\000n\000f}{subsection.6.1.2}% 37
\BOOKMARK [3][-]{subsubsection.6.1.2.25}{\376\377\0006\000.\0001\000.\0002\000.\0002\0005\000\040\000l\000d\000e\000x\000p\000f}{subsection.6.1.2}% 38
\BOOKMARK [3][-]{subsubsection.6.1.2.26}{\376\377\0006\000.\0001\000.\0002\000.\0002\0006\000\040\000l\000o\000g\0001\0000\000f}{subsection.6.1.2}% 39
\BOOKMARK [3][-]{subsubsection.6.1.2.27}{\376\377\0006\000.\0001\000.\0002\000.\0002\0007\000\040\000l\000o\000g\000f}{subsection.6.1.2}% 40
\BOOKMARK [3][-]{subsubsection.6.1.2.28}{\376\377\0006\000.\0001\000.\0002\000.\0002\0008\000\040\000l\000r\000i\000n\000t\000f}{subsection.6.1.2}% 41
\BOOKMARK [3][-]{subsubsection.6.1.2.29}{\376\377\0006\000.\0001\000.\0002\000.\0002\0009\000\040\000l\000r\000o\000u\000n\000d\000f}{subsection.6.1.2}% 42
\BOOKMARK [3][-]{subsubsection.6.1.2.30}{\376\377\0006\000.\0001\000.\0002\000.\0003\0000\000\040\000M\000\137\0001\000\137\000P\000I}{subsection.6.1.2}% 43
\BOOKMARK [3][-]{subsubsection.6.1.2.31}{\376\377\0006\000.\0001\000.\0002\000.\0003\0001\000\040\000M\000\137\0002\000\137\000P\000I}{subsection.6.1.2}% 44
\BOOKMARK [3][-]{subsubsection.6.1.2.32}{\376\377\0006\000.\0001\000.\0002\000.\0003\0002\000\040\000M\000\137\0002\000\137\000S\000Q\000R\000T\000P\000I}{subsection.6.1.2}% 45
\BOOKMARK [3][-]{subsubsection.6.1.2.33}{\376\377\0006\000.\0001\000.\0002\000.\0003\0003\000\040\000M\000\137\000E}{subsection.6.1.2}% 46
\BOOKMARK [3][-]{subsubsection.6.1.2.34}{\376\377\0006\000.\0001\000.\0002\000.\0003\0004\000\040\000M\000\137\000L\000N\0001\0000}{subsection.6.1.2}% 47
\BOOKMARK [3][-]{subsubsection.6.1.2.35}{\376\377\0006\000.\0001\000.\0002\000.\0003\0005\000\040\000M\000\137\000L\000N\0002}{subsection.6.1.2}% 48
\BOOKMARK [3][-]{subsubsection.6.1.2.36}{\376\377\0006\000.\0001\000.\0002\000.\0003\0006\000\040\000M\000\137\000L\000O\000G\0001\0000\000E}{subsection.6.1.2}% 49
\BOOKMARK [3][-]{subsubsection.6.1.2.37}{\376\377\0006\000.\0001\000.\0002\000.\0003\0007\000\040\000M\000\137\000L\000O\000G\0002\000E}{subsection.6.1.2}% 50
\BOOKMARK [3][-]{subsubsection.6.1.2.38}{\376\377\0006\000.\0001\000.\0002\000.\0003\0008\000\040\000M\000\137\000P\000I}{subsection.6.1.2}% 51
\BOOKMARK [3][-]{subsubsection.6.1.2.39}{\376\377\0006\000.\0001\000.\0002\000.\0003\0009\000\040\000M\000\137\000P\000I\000\137\0002}{subsection.6.1.2}% 52
\BOOKMARK [3][-]{subsubsection.6.1.2.40}{\376\377\0006\000.\0001\000.\0002\000.\0004\0000\000\040\000M\000\137\000P\000I\000\137\0004}{subsection.6.1.2}% 53
\BOOKMARK [3][-]{subsubsection.6.1.2.41}{\376\377\0006\000.\0001\000.\0002\000.\0004\0001\000\040\000M\000\137\000S\000Q\000R\000T\0001\000\137\0002}{subsection.6.1.2}% 54
\BOOKMARK [3][-]{subsubsection.6.1.2.42}{\376\377\0006\000.\0001\000.\0002\000.\0004\0002\000\040\000M\000\137\000S\000Q\000R\000T\0002}{subsection.6.1.2}% 55
\BOOKMARK [3][-]{subsubsection.6.1.2.43}{\376\377\0006\000.\0001\000.\0002\000.\0004\0003\000\040\000N\000A\000N}{subsection.6.1.2}% 56
\BOOKMARK [3][-]{subsubsection.6.1.2.44}{\376\377\0006\000.\0001\000.\0002\000.\0004\0004\000\040\000p\000o\000w\000f}{subsection.6.1.2}% 57
\BOOKMARK [3][-]{subsubsection.6.1.2.45}{\376\377\0006\000.\0001\000.\0002\000.\0004\0005\000\040\000r\000o\000u\000n\000d\000f}{subsection.6.1.2}% 58
\BOOKMARK [3][-]{subsubsection.6.1.2.46}{\376\377\0006\000.\0001\000.\0002\000.\0004\0006\000\040\000s\000i\000g\000n\000b\000i\000t\000f}{subsection.6.1.2}% 59
\BOOKMARK [3][-]{subsubsection.6.1.2.47}{\376\377\0006\000.\0001\000.\0002\000.\0004\0007\000\040\000s\000i\000n\000f}{subsection.6.1.2}% 60
\BOOKMARK [3][-]{subsubsection.6.1.2.48}{\376\377\0006\000.\0001\000.\0002\000.\0004\0008\000\040\000s\000i\000n\000h\000f}{subsection.6.1.2}% 61
\BOOKMARK [3][-]{subsubsection.6.1.2.49}{\376\377\0006\000.\0001\000.\0002\000.\0004\0009\000\040\000s\000q\000u\000a\000r\000e\000f}{subsection.6.1.2}% 62
\BOOKMARK [3][-]{subsubsection.6.1.2.50}{\376\377\0006\000.\0001\000.\0002\000.\0005\0000\000\040\000t\000a\000n\000f}{subsection.6.1.2}% 63
\BOOKMARK [3][-]{subsubsection.6.1.2.51}{\376\377\0006\000.\0001\000.\0002\000.\0005\0001\000\040\000t\000a\000n\000h\000f}{subsection.6.1.2}% 64
\BOOKMARK [3][-]{subsubsection.6.1.2.52}{\376\377\0006\000.\0001\000.\0002\000.\0005\0002\000\040\000t\000r\000u\000n\000c\000f}{subsection.6.1.2}% 65
\BOOKMARK [2][-]{subsection.6.1.3}{\376\377\0006\000.\0001\000.\0003\000\040\000F\000u\000n\000c\000t\000i\000o\000n\000\040\000D\000o\000c\000u\000m\000e\000n\000t\000a\000t\000i\000o\000n}{section.6.1}% 66
\BOOKMARK [3][-]{subsubsection.6.1.3.1}{\376\377\0006\000.\0001\000.\0003\000.\0001\000\040\000a\000c\000o\000s\000\050\000\051}{subsection.6.1.3}% 67
\BOOKMARK [3][-]{subsubsection.6.1.3.2}{\376\377\0006\000.\0001\000.\0003\000.\0002\000\040\000a\000s\000i\000n\000\050\000\051}{subsection.6.1.3}% 68
\BOOKMARK [3][-]{subsubsection.6.1.3.3}{\376\377\0006\000.\0001\000.\0003\000.\0003\000\040\000a\000t\000a\000n\000\050\000\051}{subsection.6.1.3}% 69
\BOOKMARK [3][-]{subsubsection.6.1.3.4}{\376\377\0006\000.\0001\000.\0003\000.\0004\000\040\000a\000t\000a\000n\0002\000\050\000\051}{subsection.6.1.3}% 70
\BOOKMARK [3][-]{subsubsection.6.1.3.5}{\376\377\0006\000.\0001\000.\0003\000.\0005\000\040\000c\000b\000r\000t\000\050\000\051}{subsection.6.1.3}% 71
\BOOKMARK [3][-]{subsubsection.6.1.3.6}{\376\377\0006\000.\0001\000.\0003\000.\0006\000\040\000c\000e\000i\000l\000\050\000\051}{subsection.6.1.3}% 72
\BOOKMARK [3][-]{subsubsection.6.1.3.7}{\376\377\0006\000.\0001\000.\0003\000.\0007\000\040\000c\000o\000s\000\050\000\051}{subsection.6.1.3}% 73
\BOOKMARK [3][-]{subsubsection.6.1.3.8}{\376\377\0006\000.\0001\000.\0003\000.\0008\000\040\000c\000o\000s\000h\000\050\000\051}{subsection.6.1.3}% 74
\BOOKMARK [3][-]{subsubsection.6.1.3.9}{\376\377\0006\000.\0001\000.\0003\000.\0009\000\040\000e\000x\000p\000\050\000\051}{subsection.6.1.3}% 75
\BOOKMARK [3][-]{subsubsection.6.1.3.10}{\376\377\0006\000.\0001\000.\0003\000.\0001\0000\000\040\000f\000a\000b\000s\000\050\000\051}{subsection.6.1.3}% 76
\BOOKMARK [3][-]{subsubsection.6.1.3.11}{\376\377\0006\000.\0001\000.\0003\000.\0001\0001\000\040\000f\000d\000i\000m\000\050\000\051}{subsection.6.1.3}% 77
\BOOKMARK [3][-]{subsubsection.6.1.3.12}{\376\377\0006\000.\0001\000.\0003\000.\0001\0002\000\040\000f\000l\000o\000o\000r\000\050\000\051}{subsection.6.1.3}% 78
\BOOKMARK [3][-]{subsubsection.6.1.3.13}{\376\377\0006\000.\0001\000.\0003\000.\0001\0003\000\040\000f\000m\000a\000\050\000\051}{subsection.6.1.3}% 79
\BOOKMARK [3][-]{subsubsection.6.1.3.14}{\376\377\0006\000.\0001\000.\0003\000.\0001\0004\000\040\000f\000m\000a\000x\000\050\000\051}{subsection.6.1.3}% 80
\BOOKMARK [3][-]{subsubsection.6.1.3.15}{\376\377\0006\000.\0001\000.\0003\000.\0001\0005\000\040\000f\000m\000i\000n\000\050\000\051}{subsection.6.1.3}% 81
\BOOKMARK [3][-]{subsubsection.6.1.3.16}{\376\377\0006\000.\0001\000.\0003\000.\0001\0006\000\040\000f\000m\000o\000d\000\050\000\051}{subsection.6.1.3}% 82
\BOOKMARK [3][-]{subsubsection.6.1.3.17}{\376\377\0006\000.\0001\000.\0003\000.\0001\0007\000\040\000f\000r\000e\000x\000p\000\050\000\051}{subsection.6.1.3}% 83
\BOOKMARK [3][-]{subsubsection.6.1.3.18}{\376\377\0006\000.\0001\000.\0003\000.\0001\0008\000\040\000h\000y\000p\000o\000t\000\050\000\051}{subsection.6.1.3}% 84
\BOOKMARK [3][-]{subsubsection.6.1.3.19}{\376\377\0006\000.\0001\000.\0003\000.\0001\0009\000\040\000i\000s\000i\000n\000f\000\050\000\051}{subsection.6.1.3}% 85
\BOOKMARK [3][-]{subsubsection.6.1.3.20}{\376\377\0006\000.\0001\000.\0003\000.\0002\0000\000\040\000i\000s\000n\000a\000n\000\050\000\051}{subsection.6.1.3}% 86
\BOOKMARK [3][-]{subsubsection.6.1.3.21}{\376\377\0006\000.\0001\000.\0003\000.\0002\0001\000\040\000l\000d\000e\000x\000p\000\050\000\051}{subsection.6.1.3}% 87
\BOOKMARK [3][-]{subsubsection.6.1.3.22}{\376\377\0006\000.\0001\000.\0003\000.\0002\0002\000\040\000l\000o\000g\000\050\000\051}{subsection.6.1.3}% 88
\BOOKMARK [3][-]{subsubsection.6.1.3.23}{\376\377\0006\000.\0001\000.\0003\000.\0002\0003\000\040\000l\000o\000g\0001\0000\000\050\000\051}{subsection.6.1.3}% 89
\BOOKMARK [3][-]{subsubsection.6.1.3.24}{\376\377\0006\000.\0001\000.\0003\000.\0002\0004\000\040\000l\000r\000i\000n\000t\000\050\000\051}{subsection.6.1.3}% 90
\BOOKMARK [3][-]{subsubsection.6.1.3.25}{\376\377\0006\000.\0001\000.\0003\000.\0002\0005\000\040\000l\000r\000o\000u\000n\000d\000\050\000\051}{subsection.6.1.3}% 91
\BOOKMARK [3][-]{subsubsection.6.1.3.26}{\376\377\0006\000.\0001\000.\0003\000.\0002\0006\000\040\000m\000o\000d\000f\000\050\000\051}{subsection.6.1.3}% 92
\BOOKMARK [3][-]{subsubsection.6.1.3.27}{\376\377\0006\000.\0001\000.\0003\000.\0002\0007\000\040\000m\000o\000d\000f\000f\000\050\000\051}{subsection.6.1.3}% 93
\BOOKMARK [3][-]{subsubsection.6.1.3.28}{\376\377\0006\000.\0001\000.\0003\000.\0002\0008\000\040\000p\000o\000w\000\050\000\051}{subsection.6.1.3}% 94
\BOOKMARK [3][-]{subsubsection.6.1.3.29}{\376\377\0006\000.\0001\000.\0003\000.\0002\0009\000\040\000r\000o\000u\000n\000d\000\050\000\051}{subsection.6.1.3}% 95
\BOOKMARK [3][-]{subsubsection.6.1.3.30}{\376\377\0006\000.\0001\000.\0003\000.\0003\0000\000\040\000s\000i\000g\000n\000b\000i\000t\000\050\000\051}{subsection.6.1.3}% 96
\BOOKMARK [3][-]{subsubsection.6.1.3.31}{\376\377\0006\000.\0001\000.\0003\000.\0003\0001\000\040\000s\000i\000n\000\050\000\051}{subsection.6.1.3}% 97
\BOOKMARK [3][-]{subsubsection.6.1.3.32}{\376\377\0006\000.\0001\000.\0003\000.\0003\0002\000\040\000s\000i\000n\000h\000\050\000\051}{subsection.6.1.3}% 98
\BOOKMARK [3][-]{subsubsection.6.1.3.33}{\376\377\0006\000.\0001\000.\0003\000.\0003\0003\000\040\000s\000q\000r\000t\000\050\000\051}{subsection.6.1.3}% 99
\BOOKMARK [3][-]{subsubsection.6.1.3.34}{\376\377\0006\000.\0001\000.\0003\000.\0003\0004\000\040\000s\000q\000r\000t\000f\000\050\000\051}{subsection.6.1.3}% 100
\BOOKMARK [3][-]{subsubsection.6.1.3.35}{\376\377\0006\000.\0001\000.\0003\000.\0003\0005\000\040\000s\000q\000u\000a\000r\000e\000\050\000\051}{subsection.6.1.3}% 101
\BOOKMARK [3][-]{subsubsection.6.1.3.36}{\376\377\0006\000.\0001\000.\0003\000.\0003\0006\000\040\000t\000a\000n\000\050\000\051}{subsection.6.1.3}% 102
\BOOKMARK [3][-]{subsubsection.6.1.3.37}{\376\377\0006\000.\0001\000.\0003\000.\0003\0007\000\040\000t\000a\000n\000h\000\050\000\051}{subsection.6.1.3}% 103
\BOOKMARK [3][-]{subsubsection.6.1.3.38}{\376\377\0006\000.\0001\000.\0003\000.\0003\0008\000\040\000t\000r\000u\000n\000c\000\050\000\051}{subsection.6.1.3}% 104
\BOOKMARK [0][-]{chapter.7}{\376\377\0007\000\040\000C\000l\000a\000s\000s\000\040\000D\000o\000c\000u\000m\000e\000n\000t\000a\000t\000i\000o\000n}{}% 105
\BOOKMARK [1][-]{section.7.1}{\376\377\0007\000.\0001\000\040\000T\000w\000o\000W\000i\000r\000e\000\040\000C\000l\000a\000s\000s\000\040\000R\000e\000f\000e\000r\000e\000n\000c\000e}{chapter.7}% 106
\BOOKMARK [2][-]{subsection.7.1.1}{\376\377\0007\000.\0001\000.\0001\000\040\000C\000o\000n\000s\000t\000r\000u\000c\000t\000o\000r\000\040\000\046\000\040\000D\000e\000s\000t\000r\000u\000c\000t\000o\000r\000\040\000D\000o\000c\000u\000m\000e\000n\000t\000a\000t\000i\000o\000n}{section.7.1}% 107
\BOOKMARK [3][-]{subsubsection.7.1.1.1}{\376\377\0007\000.\0001\000.\0001\000.\0001\000\040\000T\000w\000o\000W\000i\000r\000e\000\050\000\051}{subsection.7.1.1}% 108
\BOOKMARK [2][-]{subsection.7.1.2}{\376\377\0007\000.\0001\000.\0002\000\040\000M\000e\000m\000b\000e\000r\000\040\000F\000u\000n\000c\000t\000i\000o\000n\000\040\000D\000o\000c\000u\000m\000e\000n\000t\000a\000t\000i\000o\000n}{section.7.1}% 109
\BOOKMARK [3][-]{subsubsection.7.1.2.1}{\376\377\0007\000.\0001\000.\0002\000.\0001\000\040\000a\000v\000a\000i\000l\000a\000b\000l\000e\000\050\000\051}{subsection.7.1.2}% 110
\BOOKMARK [3][-]{subsubsection.7.1.2.2}{\376\377\0007\000.\0001\000.\0002\000.\0002\000\040\000b\000e\000g\000i\000n\000\050\000\051\000\040\000[\0001\000/\0003\000]}{subsection.7.1.2}% 111
\BOOKMARK [3][-]{subsubsection.7.1.2.3}{\376\377\0007\000.\0001\000.\0002\000.\0003\000\040\000b\000e\000g\000i\000n\000\050\000\051\000\040\000[\0002\000/\0003\000]}{subsection.7.1.2}% 112
\BOOKMARK [3][-]{subsubsection.7.1.2.4}{\376\377\0007\000.\0001\000.\0002\000.\0004\000\040\000b\000e\000g\000i\000n\000\050\000\051\000\040\000[\0003\000/\0003\000]}{subsection.7.1.2}% 113
\BOOKMARK [3][-]{subsubsection.7.1.2.5}{\376\377\0007\000.\0001\000.\0002\000.\0005\000\040\000b\000e\000g\000i\000n\000T\000r\000a\000n\000s\000m\000i\000s\000s\000i\000o\000n\000\050\000\051\000\040\000[\0001\000/\0002\000]}{subsection.7.1.2}% 114
\BOOKMARK [3][-]{subsubsection.7.1.2.6}{\376\377\0007\000.\0001\000.\0002\000.\0006\000\040\000b\000e\000g\000i\000n\000T\000r\000a\000n\000s\000m\000i\000s\000s\000i\000o\000n\000\050\000\051\000\040\000[\0002\000/\0002\000]}{subsection.7.1.2}% 115
\BOOKMARK [3][-]{subsubsection.7.1.2.7}{\376\377\0007\000.\0001\000.\0002\000.\0007\000\040\000e\000n\000d\000\050\000\051}{subsection.7.1.2}% 116
\BOOKMARK [3][-]{subsubsection.7.1.2.8}{\376\377\0007\000.\0001\000.\0002\000.\0008\000\040\000e\000n\000d\000T\000r\000a\000n\000s\000m\000i\000s\000s\000i\000o\000n\000\050\000\051\000\040\000[\0001\000/\0002\000]}{subsection.7.1.2}% 117
\BOOKMARK [3][-]{subsubsection.7.1.2.9}{\376\377\0007\000.\0001\000.\0002\000.\0009\000\040\000e\000n\000d\000T\000r\000a\000n\000s\000m\000i\000s\000s\000i\000o\000n\000\050\000\051\000\040\000[\0002\000/\0002\000]}{subsection.7.1.2}% 118
\BOOKMARK [3][-]{subsubsection.7.1.2.10}{\376\377\0007\000.\0001\000.\0002\000.\0001\0000\000\040\000f\000l\000u\000s\000h\000\050\000\051}{subsection.7.1.2}% 119
\BOOKMARK [3][-]{subsubsection.7.1.2.11}{\376\377\0007\000.\0001\000.\0002\000.\0001\0001\000\040\000o\000n\000R\000e\000c\000e\000i\000v\000e\000\050\000\051}{subsection.7.1.2}% 120
\BOOKMARK [3][-]{subsubsection.7.1.2.12}{\376\377\0007\000.\0001\000.\0002\000.\0001\0002\000\040\000o\000n\000R\000e\000q\000u\000e\000s\000t\000\050\000\051}{subsection.7.1.2}% 121
\BOOKMARK [3][-]{subsubsection.7.1.2.13}{\376\377\0007\000.\0001\000.\0002\000.\0001\0003\000\040\000p\000e\000e\000k\000\050\000\051}{subsection.7.1.2}% 122
\BOOKMARK [3][-]{subsubsection.7.1.2.14}{\376\377\0007\000.\0001\000.\0002\000.\0001\0004\000\040\000r\000e\000a\000d\000\050\000\051}{subsection.7.1.2}% 123
\BOOKMARK [3][-]{subsubsection.7.1.2.15}{\376\377\0007\000.\0001\000.\0002\000.\0001\0005\000\040\000r\000e\000q\000u\000e\000s\000t\000F\000r\000o\000m\000\050\000\051\000\040\000[\0001\000/\0005\000]}{subsection.7.1.2}% 124
\BOOKMARK [3][-]{subsubsection.7.1.2.16}{\376\377\0007\000.\0001\000.\0002\000.\0001\0006\000\040\000r\000e\000q\000u\000e\000s\000t\000F\000r\000o\000m\000\050\000\051\000\040\000[\0002\000/\0005\000]}{subsection.7.1.2}% 125
\BOOKMARK [3][-]{subsubsection.7.1.2.17}{\376\377\0007\000.\0001\000.\0002\000.\0001\0007\000\040\000r\000e\000q\000u\000e\000s\000t\000F\000r\000o\000m\000\050\000\051\000\040\000[\0003\000/\0005\000]}{subsection.7.1.2}% 126
\BOOKMARK [3][-]{subsubsection.7.1.2.18}{\376\377\0007\000.\0001\000.\0002\000.\0001\0008\000\040\000r\000e\000q\000u\000e\000s\000t\000F\000r\000o\000m\000\050\000\051\000\040\000[\0004\000/\0005\000]}{subsection.7.1.2}% 127
\BOOKMARK [3][-]{subsubsection.7.1.2.19}{\376\377\0007\000.\0001\000.\0002\000.\0001\0009\000\040\000r\000e\000q\000u\000e\000s\000t\000F\000r\000o\000m\000\050\000\051\000\040\000[\0005\000/\0005\000]}{subsection.7.1.2}% 128
\BOOKMARK [3][-]{subsubsection.7.1.2.20}{\376\377\0007\000.\0001\000.\0002\000.\0002\0000\000\040\000s\000e\000t\000C\000l\000o\000c\000k\000\050\000\051}{subsection.7.1.2}% 129
\BOOKMARK [3][-]{subsubsection.7.1.2.21}{\376\377\0007\000.\0001\000.\0002\000.\0002\0001\000\040\000w\000r\000i\000t\000e\000\050\000\051\000\040\000[\0001\000/\0006\000]}{subsection.7.1.2}% 130
\BOOKMARK [3][-]{subsubsection.7.1.2.22}{\376\377\0007\000.\0001\000.\0002\000.\0002\0002\000\040\000w\000r\000i\000t\000e\000\050\000\051\000\040\000[\0002\000/\0006\000]}{subsection.7.1.2}% 131
\BOOKMARK [3][-]{subsubsection.7.1.2.23}{\376\377\0007\000.\0001\000.\0002\000.\0002\0003\000\040\000w\000r\000i\000t\000e\000\050\000\051\000\040\000[\0003\000/\0006\000]}{subsection.7.1.2}% 132
\BOOKMARK [3][-]{subsubsection.7.1.2.24}{\376\377\0007\000.\0001\000.\0002\000.\0002\0004\000\040\000w\000r\000i\000t\000e\000\050\000\051\000\040\000[\0004\000/\0006\000]}{subsection.7.1.2}% 133
\BOOKMARK [3][-]{subsubsection.7.1.2.25}{\376\377\0007\000.\0001\000.\0002\000.\0002\0005\000\040\000w\000r\000i\000t\000e\000\050\000\051\000\040\000[\0005\000/\0006\000]}{subsection.7.1.2}% 134
\BOOKMARK [3][-]{subsubsection.7.1.2.26}{\376\377\0007\000.\0001\000.\0002\000.\0002\0006\000\040\000w\000r\000i\000t\000e\000\050\000\051\000\040\000[\0006\000/\0006\000]}{subsection.7.1.2}% 135
\BOOKMARK [0][-]{chapter.8}{\376\377\0008\000\040\000F\000i\000l\000e\000\040\000D\000o\000c\000u\000m\000e\000n\000t\000a\000t\000i\000o\000n}{}% 136
\BOOKMARK [1][-]{section.8.1}{\376\377\0008\000.\0001\000\040\000D\000:\000/\000G\000I\000T\000/\000T\000h\000e\000C\000o\000n\000n\000e\000c\000t\000e\000d\000M\000C\000U\000\137\000L\000a\000b\000s\000/\000b\000k\000a\000r\000a\000c\000h\000o\000k\000/\000F\000i\000n\000a\000l\000\137\000w\000o\000r\000k\000\137\000I\000o\000T\000/\000l\000i\000g\000h\000t\000\137\000c\000o\000n\000t\000r\000o\000l\000\137\000s\000y\000s\000t\000e\000m\000.\000c\000\040\000F\000i\000l\000e\000\040\000R\000e\000f\000e\000r\000e\000n\000c\000e}{chapter.8}% 137
\BOOKMARK [2][-]{subsection.8.1.1}{\376\377\0008\000.\0001\000.\0001\000\040\000F\000u\000n\000c\000t\000i\000o\000n\000\040\000D\000o\000c\000u\000m\000e\000n\000t\000a\000t\000i\000o\000n}{section.8.1}% 138
\BOOKMARK [3][-]{subsubsection.8.1.1.1}{\376\377\0008\000.\0001\000.\0001\000.\0001\000\040\000a\000l\000l\000p\000i\000n\000s\000l\000o\000w\000\050\000\051}{subsection.8.1.1}% 139
\BOOKMARK [3][-]{subsubsection.8.1.1.2}{\376\377\0008\000.\0001\000.\0001\000.\0002\000\040\000B\000H\0001\0007\0005\0000\000\137\000R\000e\000a\000d\000\050\000\051}{subsection.8.1.1}% 140
\BOOKMARK [3][-]{subsubsection.8.1.1.3}{\376\377\0008\000.\0001\000.\0001\000.\0003\000\040\000C\000h\000e\000c\000k\000\137\000P\000r\000o\000t\000o\000c\000o\000l\000\050\000\051}{subsection.8.1.1}% 141
\BOOKMARK [3][-]{subsubsection.8.1.1.4}{\376\377\0008\000.\0001\000.\0001\000.\0004\000\040\000C\000o\000n\000f\000i\000g\000u\000r\000e\000\137\000B\000H\0001\0007\0005\0000\000\050\000\051}{subsection.8.1.1}% 142
\BOOKMARK [3][-]{subsubsection.8.1.1.5}{\376\377\0008\000.\0001\000.\0001\000.\0005\000\040\000l\000o\000o\000p\000\050\000\051}{subsection.8.1.1}% 143
\BOOKMARK [3][-]{subsubsection.8.1.1.6}{\376\377\0008\000.\0001\000.\0001\000.\0006\000\040\000s\000e\000t\000u\000p\000\050\000\051}{subsection.8.1.1}% 144
\BOOKMARK [2][-]{subsection.8.1.2}{\376\377\0008\000.\0001\000.\0002\000\040\000V\000a\000r\000i\000a\000b\000l\000e\000\040\000D\000o\000c\000u\000m\000e\000n\000t\000a\000t\000i\000o\000n}{section.8.1}% 145
\BOOKMARK [3][-]{subsubsection.8.1.2.1}{\376\377\0008\000.\0001\000.\0002\000.\0001\000\040\000B\000H\0001\0007\0005\0000\000\137\000D\000e\000v\000i\000c\000e}{subsection.8.1.2}% 146
\BOOKMARK [3][-]{subsubsection.8.1.2.2}{\376\377\0008\000.\0001\000.\0002\000.\0002\000\040\000i\000n\000S\000e\000r\000i\000a\000l}{subsection.8.1.2}% 147
\BOOKMARK [3][-]{subsubsection.8.1.2.3}{\376\377\0008\000.\0001\000.\0002\000.\0003\000\040\000l\000a\000m\000p}{subsection.8.1.2}% 148
\BOOKMARK [3][-]{subsubsection.8.1.2.4}{\376\377\0008\000.\0001\000.\0002\000.\0004\000\040\000L\000u\000x}{subsection.8.1.2}% 149
\BOOKMARK [3][-]{subsubsection.8.1.2.5}{\376\377\0008\000.\0001\000.\0002\000.\0005\000\040\000s\000m\000\137\000m\000o\000d\000e}{subsection.8.1.2}% 150
\BOOKMARK [1][-]{section.8.2}{\376\377\0008\000.\0002\000\040\000D\000:\000/\000G\000I\000T\000/\000T\000h\000e\000C\000o\000n\000n\000e\000c\000t\000e\000d\000M\000C\000U\000\137\000L\000a\000b\000s\000/\000b\000k\000a\000r\000a\000c\000h\000o\000k\000/\000F\000i\000n\000a\000l\000\137\000w\000o\000r\000k\000\137\000I\000o\000T\000/\000m\000a\000t\000h\000.\000h\000\040\000F\000i\000l\000e\000\040\000R\000e\000f\000e\000r\000e\000n\000c\000e}{chapter.8}% 151
\BOOKMARK [1][-]{section.8.3}{\376\377\0008\000.\0003\000\040\000D\000:\000/\000G\000I\000T\000/\000T\000h\000e\000C\000o\000n\000n\000e\000c\000t\000e\000d\000M\000C\000U\000\137\000L\000a\000b\000s\000/\000b\000k\000a\000r\000a\000c\000h\000o\000k\000/\000F\000i\000n\000a\000l\000\137\000w\000o\000r\000k\000\137\000I\000o\000T\000/\000R\000E\000A\000D\000M\000E\000.\000m\000d\000\040\000F\000i\000l\000e\000\040\000R\000e\000f\000e\000r\000e\000n\000c\000e}{chapter.8}% 152
\BOOKMARK [1][-]{section.8.4}{\376\377\0008\000.\0004\000\040\000D\000:\000/\000G\000I\000T\000/\000T\000h\000e\000C\000o\000n\000n\000e\000c\000t\000e\000d\000M\000C\000U\000\137\000L\000a\000b\000s\000/\000b\000k\000a\000r\000a\000c\000h\000o\000k\000/\000F\000i\000n\000a\000l\000\137\000w\000o\000r\000k\000\137\000I\000o\000T\000/\000W\000i\000r\000e\000.\000h\000\040\000F\000i\000l\000e\000\040\000R\000e\000f\000e\000r\000e\000n\000c\000e}{chapter.8}% 153
\BOOKMARK [2][-]{subsection.8.4.1}{\376\377\0008\000.\0004\000.\0001\000\040\000M\000a\000c\000r\000o\000\040\000D\000e\000f\000i\000n\000i\000t\000i\000o\000n\000\040\000D\000o\000c\000u\000m\000e\000n\000t\000a\000t\000i\000o\000n}{section.8.4}% 154
\BOOKMARK [3][-]{subsubsection.8.4.1.1}{\376\377\0008\000.\0004\000.\0001\000.\0001\000\040\000B\000U\000F\000F\000E\000R\000\137\000L\000E\000N\000G\000T\000H}{subsection.8.4.1}% 155
\BOOKMARK [3][-]{subsubsection.8.4.1.2}{\376\377\0008\000.\0004\000.\0001\000.\0002\000\040\000W\000I\000R\000E\000\137\000H\000A\000S\000\137\000E\000N\000D}{subsection.8.4.1}% 156
\BOOKMARK [2][-]{subsection.8.4.2}{\376\377\0008\000.\0004\000.\0002\000\040\000V\000a\000r\000i\000a\000b\000l\000e\000\040\000D\000o\000c\000u\000m\000e\000n\000t\000a\000t\000i\000o\000n}{section.8.4}% 157
\BOOKMARK [3][-]{subsubsection.8.4.2.1}{\376\377\0008\000.\0004\000.\0002\000.\0001\000\040\000W\000i\000r\000e}{subsection.8.4.2}% 158
\BOOKMARK [1][-]{section.8.5}{\376\377\0008\000.\0005\000\040\000D\000:\000/\000G\000I\000T\000/\000T\000h\000e\000C\000o\000n\000n\000e\000c\000t\000e\000d\000M\000C\000U\000\137\000L\000a\000b\000s\000/\000b\000k\000a\000r\000a\000c\000h\000o\000k\000/\000F\000i\000n\000a\000l\000\137\000w\000o\000r\000k\000\137\000I\000o\000T\000/\000W\000S\000t\000r\000i\000n\000g\000.\000h\000\040\000F\000i\000l\000e\000\040\000R\000e\000f\000e\000r\000e\000n\000c\000e}{chapter.8}% 159
\BOOKMARK [0][-]{section*.12}{\376\377\000I\000n\000d\000e\000x}{}% 160
